INFO:root:>> START PROGRAM: 2020-06-22 00:00:02.583822
INFO:root: - The document was read
INFO:root: - Getting data
INFO:root: - The data was found
INFO:root: - Total data: 213
INFO:root: - Data stored in the database: 7
INFO:root: - Current data saved in CSV file
INFO:root: - Historical data saved in CSV file
INFO:root:>> END PROGRAM: 2020-06-22 00:00:05.960270
INFO:root:>> START PROGRAM: 2020-06-22 01:00:03.096005
INFO:root: - The document was read
INFO:root: - Getting data
INFO:root: - The data was found
INFO:root: - Total data: 213
INFO:root: - Data stored in the database: 6
INFO:root: - Current data saved in CSV file
INFO:root: - Historical data saved in CSV file
INFO:root:>> END PROGRAM: 2020-06-22 01:00:06.408504
INFO:root:>> START PROGRAM: 2020-06-22 02:00:03.531162
INFO:root: - The document was read
INFO:root: - Getting data
INFO:root: - The data was found
INFO:root: - Total data: 213
INFO:root: - Data stored in the database: 6
INFO:root: - Current data saved in CSV file
INFO:root: - Historical data saved in CSV file
INFO:root:>> END PROGRAM: 2020-06-22 02:00:08.755047
INFO:root:>> START PROGRAM: 2020-06-22 03:00:03.177255
INFO:root: - The document was read
INFO:root: - Getting data
INFO:root: - The data was found
INFO:root: - Total data: 213
INFO:root: - Data stored in the database: 6
INFO:root: - Current data saved in CSV file
INFO:root: - Historical data saved in CSV file
INFO:root:>> END PROGRAM: 2020-06-22 03:00:10.067903
INFO:root:>> START PROGRAM: 2020-06-22 04:00:03.124627
INFO:root: - The document was read
INFO:root: - Getting data
INFO:root: - The data was found
INFO:root: - Total data: 213
INFO:root: - Data stored in the database: 11
INFO:root: - Current data saved in CSV file
INFO:root: - Historical data saved in CSV file
INFO:root:>> END PROGRAM: 2020-06-22 04:00:06.655868
INFO:root:>> START PROGRAM: 2020-06-22 05:00:03.116508
INFO:root: - The document was read
INFO:root: - Getting data
INFO:root: - The data was found
INFO:root: - Total data: 213
INFO:root: - Data stored in the database: 10
INFO:root: - Current data saved in CSV file
INFO:root: - Historical data saved in CSV file
INFO:root:>> END PROGRAM: 2020-06-22 05:00:06.460241
INFO:root:>> START PROGRAM: 2020-06-22 06:00:03.417452
INFO:root: - The document was read
INFO:root: - Getting data
INFO:root: - The data was found
INFO:root: - Total data: 213
INFO:root: - Data stored in the database: 15
INFO:root: - Current data saved in CSV file
INFO:root: - Historical data saved in CSV file
INFO:root:>> END PROGRAM: 2020-06-22 06:00:18.853450
INFO:root:>> START PROGRAM: 2020-06-22 07:00:03.132596
INFO:root: - The document was read
INFO:root: - Getting data
INFO:root: - The data was found
INFO:root: - Total data: 213
INFO:root: - Data stored in the database: 14
INFO:root: - Current data saved in CSV file
INFO:root: - Historical data saved in CSV file
INFO:root:>> END PROGRAM: 2020-06-22 07:00:06.632591
INFO:root:>> START PROGRAM: 2020-06-22 08:00:03.122298
INFO:root: - The document was read
INFO:root: - Getting data
INFO:root: - The data was found
INFO:root: - Total data: 213
INFO:root: - Data stored in the database: 18
INFO:root: - Current data saved in CSV file
INFO:root: - Historical data saved in CSV file
INFO:root:>> END PROGRAM: 2020-06-22 08:00:06.515304
INFO:root:>> START PROGRAM: 2020-06-22 09:00:03.125022
INFO:root: - The document was read
INFO:root: - Getting data
INFO:root: - The data was found
INFO:root: - Total data: 213
INFO:root: - Data stored in the database: 12
INFO:root: - Current data saved in CSV file
INFO:root: - Historical data saved in CSV file
INFO:root:>> END PROGRAM: 2020-06-22 09:00:07.125027
INFO:root:>> START PROGRAM: 2020-06-22 10:00:03.119256
INFO:root: - The document was read
INFO:root: - Getting data
INFO:root: - The data was found
INFO:root: - Total data: 213
INFO:root: - Data stored in the database: 12
INFO:root: - Current data saved in CSV file
INFO:root: - Historical data saved in CSV file
INFO:root:>> END PROGRAM: 2020-06-22 10:00:06.806759
INFO:root:>> START PROGRAM: 2020-06-22 11:00:03.242106
INFO:root: - The document was read
INFO:root: - Getting data
INFO:root: - The data was found
INFO:root: - Total data: 213
INFO:root: - Data stored in the database: 11
INFO:root: - Current data saved in CSV file
INFO:root: - Historical data saved in CSV file
INFO:root:>> END PROGRAM: 2020-06-22 11:00:06.757734
INFO:root:>> START PROGRAM: 2020-06-22 12:00:03.230607
INFO:root: - The document was read
INFO:root: - Getting data
INFO:root: - The data was found
INFO:root: - Total data: 213
INFO:root: - Data stored in the database: 20
INFO:root: - Current data saved in CSV file
INFO:root: - Historical data saved in CSV file
INFO:root:>> END PROGRAM: 2020-06-22 12:00:06.605609
INFO:root:>> START PROGRAM: 2020-06-22 13:00:03.118799
INFO:root: - The document was read
INFO:root: - Getting data
INFO:root: - The data was found
INFO:root: - Total data: 213
INFO:root: - Data stored in the database: 15
INFO:root: - Current data saved in CSV file
INFO:root: - Historical data saved in CSV file
INFO:root:>> END PROGRAM: 2020-06-22 13:00:06.540682
INFO:root:>> START PROGRAM: 2020-06-22 14:00:03.146641
INFO:root: - The document was read
INFO:root: - Getting data
INFO:root: - The data was found
INFO:root: - Total data: 213
INFO:root: - Data stored in the database: 19
INFO:root: - Current data saved in CSV file
INFO:root: - Historical data saved in CSV file
INFO:root:>> END PROGRAM: 2020-06-22 14:00:19.581813
INFO:root:>> START PROGRAM: 2020-06-22 15:00:03.206531
INFO:root: - The document was read
INFO:root: - Getting data
INFO:root: - The data was found
INFO:root: - Total data: 213
INFO:root: - Data stored in the database: 10
INFO:root: - Current data saved in CSV file
INFO:root: - Historical data saved in CSV file
INFO:root:>> END PROGRAM: 2020-06-22 15:00:15.975396
INFO:root:>> START PROGRAM: 2020-06-22 16:00:03.670041
INFO:root: - The document was read
INFO:root: - Getting data
INFO:root: - The data was found
INFO:root: - Total data: 213
INFO:root: - Data stored in the database: 11
INFO:root: - Current data saved in CSV file
INFO:root: - Historical data saved in CSV file
INFO:root:>> END PROGRAM: 2020-06-22 16:00:08.316093
INFO:root:>> START PROGRAM: 2020-06-22 17:00:03.455387
INFO:root: - The document was read
INFO:root: - Getting data
INFO:root: - The data was found
INFO:root: - Total data: 213
INFO:root: - Data stored in the database: 9
INFO:root: - Current data saved in CSV file
INFO:root: - Historical data saved in CSV file
INFO:root:>> END PROGRAM: 2020-06-22 17:00:07.463762
INFO:root:>> START PROGRAM: 2020-06-22 18:00:03.475818
INFO:root: - The document was read
INFO:root: - Getting data
INFO:root: - The data was found
INFO:root: - Total data: 213
INFO:root: - Data stored in the database: 9
INFO:root: - Current data saved in CSV file
INFO:root: - Historical data saved in CSV file
INFO:root:>> END PROGRAM: 2020-06-22 18:00:07.156033
INFO:root:>> START PROGRAM: 2020-06-22 19:00:03.614811
INFO:root: - The document was read
INFO:root: - Getting data
INFO:root: - The data was found
INFO:root: - Total data: 213
INFO:root: - Data stored in the database: 88
INFO:root: - Current data saved in CSV file
INFO:root: - Historical data saved in CSV file
INFO:root:>> END PROGRAM: 2020-06-22 19:00:07.708560
INFO:root:>> START PROGRAM: 2020-06-22 20:00:03.535985
INFO:root: - The document was read
INFO:root: - Getting data
INFO:root: - The data was found
INFO:root: - Total data: 213
INFO:root: - Data stored in the database: 14
INFO:root: - Current data saved in CSV file
INFO:root: - Historical data saved in CSV file
INFO:root:>> END PROGRAM: 2020-06-22 20:00:08.853661
INFO:root:>> START PROGRAM: 2020-06-22 21:00:03.101842
INFO:root: - The document was read
INFO:root: - Getting data
INFO:root: - The data was found
INFO:root: - Total data: 213
INFO:root: - Data stored in the database: 5
INFO:root: - Current data saved in CSV file
INFO:root: - Historical data saved in CSV file
INFO:root:>> END PROGRAM: 2020-06-22 21:00:06.461196
INFO:root:>> START PROGRAM: 2020-06-22 22:00:03.128176
INFO:root: - The document was read
INFO:root: - Getting data
INFO:root: - The data was found
INFO:root: - Total data: 213
INFO:root: - Data stored in the database: 5
INFO:root: - Current data saved in CSV file
INFO:root: - Historical data saved in CSV file
INFO:root:>> END PROGRAM: 2020-06-22 22:00:06.315679
INFO:root:>> START PROGRAM: 2020-06-22 23:00:03.170729
INFO:root: - The document was read
INFO:root: - Getting data
INFO:root: - The data was found
INFO:root: - Total data: 213
INFO:root: - Data stored in the database: 3
INFO:root: - Current data saved in CSV file
INFO:root: - Historical data saved in CSV file
INFO:root:>> END PROGRAM: 2020-06-22 23:00:06.420730
INFO:root:>> START PROGRAM: 2020-06-23 00:00:02.588280
INFO:root: - The document was read
INFO:root: - Getting data
INFO:root: - The data was found
INFO:root: - Total data: 213
INFO:root: - Data stored in the database: 5
INFO:root: - Current data saved in CSV file
INFO:root: - Historical data saved in CSV file
INFO:root:>> END PROGRAM: 2020-06-23 00:00:05.916411
INFO:root:>> START PROGRAM: 2020-06-23 08:02:30.611110
INFO:root: - The document was read
INFO:root: - Getting data
INFO:root: - The data was found
INFO:root: - Total data: 213
INFO:root: - Data stored in the database: 68
INFO:root: - Current data saved in CSV file
INFO:root: - Historical data saved in CSV file
INFO:root:>> END PROGRAM: 2020-06-23 08:02:34.256989
INFO:root:>> START PROGRAM: 2020-06-23 08:04:55.660761
INFO:root: - The document was read
INFO:root: - Getting data
INFO:root: - The data was found
INFO:root: - Total data: 213
INFO:root: - Data stored in the database: 1
INFO:root: - Current data saved in CSV file
INFO:root: - Historical data saved in CSV file
INFO:root:>> END PROGRAM: 2020-06-23 08:04:59.021475
INFO:root:>> START PROGRAM: 2020-06-23 08:07:51.139739
INFO:root: - The document was read
INFO:root: - Getting data
INFO:root: - The data was found
INFO:root: - Total data: 213
INFO:root: - Data stored in the database: 1
INFO:root: - Current data saved in CSV file
INFO:root: - Historical data saved in CSV file
INFO:root:>> END PROGRAM: 2020-06-23 08:07:54.696848
INFO:root:>> START PROGRAM: 2020-06-23 09:30:42.352953
INFO:root: - The document was read
INFO:root: - Getting data
INFO:root: - The data was found
INFO:root: - Total data: 213
INFO:root: - Data stored in the database: 16
INFO:root: - Current data saved in CSV file
INFO:root: - Historical data saved in CSV file
INFO:root:>> END PROGRAM: 2020-06-23 09:30:47.007399
INFO:root:>> START PROGRAM: 2020-06-23 09:34:42.502625
INFO:root: - The document was read
INFO:root: - Getting data
INFO:root: - The data was found
INFO:root: - Total data: 213
INFO:root: - Data stored in the database: 3
INFO:root: - Current data saved in CSV file
INFO:root: - Historical data saved in CSV file
INFO:root:>> END PROGRAM: 2020-06-23 09:34:45.955005
INFO:root:>> START PROGRAM: 2020-06-23 10:18:05.605463
INFO:root: - The document was read
INFO:root: - Getting data
INFO:root: - The data was found
INFO:root: - Total data: 213
INFO:root: - Data stored in the database: 11
INFO:root: - Current data saved in CSV file
INFO:root: - Historical data saved in CSV file
INFO:root:>> END PROGRAM: 2020-06-23 10:18:09.060461
INFO:root:>> START PROGRAM: 2020-06-23 11:35:20.292650
INFO:root: - The document was read
INFO:root: - Getting data
INFO:root: - The data was found
INFO:root: - Total data: 213
INFO:root: - Data stored in the database: 22
INFO:root: - Current data saved in CSV file
INFO:root: - Historical data saved in CSV file
INFO:root:>> END PROGRAM: 2020-06-23 11:35:24.028878
INFO:root:>> START PROGRAM: 2020-06-23 12:00:08.440060
INFO:root: - The document was read
INFO:root: - Getting data
INFO:root: - The data was found
INFO:root: - Total data: 213
INFO:root: - Data stored in the database: 8
INFO:root: - Current data saved in CSV file
INFO:root: - Historical data saved in CSV file
INFO:root:>> END PROGRAM: 2020-06-23 12:00:12.166313
INFO:root:>> START PROGRAM: 2020-06-23 12:36:09.913413
INFO:root: - The document was read
INFO:root: - Getting data
INFO:root: - The data was found
INFO:root: - Total data: 213
INFO:root: - Data stored in the database: 9
INFO:root: - Current data saved in CSV file
INFO:root: - Historical data saved in CSV file
INFO:root:>> END PROGRAM: 2020-06-23 12:36:14.491074
INFO:root:>> START PROGRAM: 2020-06-23 12:38:40.666269
INFO:root: - The document was read
INFO:root: - Getting data
INFO:root: - The data was found
INFO:root: - Total data: 213
INFO:root: - Data stored in the database: 1
INFO:root: - Current data saved in CSV file
INFO:root: - Historical data saved in CSV file
INFO:root:>> END PROGRAM: 2020-06-23 12:38:43.983151
INFO:root:>> START PROGRAM: 2020-06-23 12:39:12.186826
INFO:root: - The document was read
INFO:root: - Getting data
INFO:root: - The data was found
INFO:root: - Total data: 213
INFO:root: - Data stored in the database: 1
INFO:root: - Current data saved in CSV file
INFO:root: - Historical data saved in CSV file
INFO:root:>> END PROGRAM: 2020-06-23 12:39:15.480391
INFO:root:>> START PROGRAM: 2020-06-23 13:00:02.305151
INFO:root: - The document was read
INFO:root: - Getting data
INFO:root: - The data was found
INFO:root: - Total data: 213
INFO:root: - Data stored in the database: 5
INFO:root: - Current data saved in CSV file
INFO:root: - Historical data saved in CSV file
INFO:root:>> END PROGRAM: 2020-06-23 13:00:05.444616
INFO:root:>> START PROGRAM: 2020-06-23 13:44:24.810433
INFO:root: - The document was read
INFO:root: - Getting data
INFO:root: - The data was found
INFO:root: - Total data: 213
INFO:root: - Data stored in the database: 11
INFO:root: - Current data saved in CSV file
INFO:root: - Historical data saved in CSV file
INFO:root:>> END PROGRAM: 2020-06-23 13:44:29.294732
INFO:root:>> START PROGRAM: 2020-06-23 14:00:02.198979
INFO:root: - The document was read
INFO:root: - Getting data
INFO:root: - The data was found
INFO:root: - Total data: 213
INFO:root: - Data stored in the database: 4
INFO:root: - Current data saved in CSV file
INFO:root: - Historical data saved in CSV file
INFO:root:>> END PROGRAM: 2020-06-23 14:00:05.794085
INFO:root:>> START PROGRAM: 2020-06-23 15:00:02.582824
INFO:root: - The document was read
INFO:root: - Getting data
INFO:root: - The data was found
INFO:root: - Total data: 213
INFO:root: - Data stored in the database: 10
INFO:root: - Current data saved in CSV file
INFO:root: - Historical data saved in CSV file
INFO:root:>> END PROGRAM: 2020-06-23 15:00:06.352462
INFO:root:>> START PROGRAM: 2020-06-23 16:00:02.782866
INFO:root: - The document was read
INFO:root: - Getting data
INFO:root: - The data was found
INFO:root: - Total data: 213
INFO:root: - Data stored in the database: 7
INFO:root: - Current data saved in CSV file
INFO:root: - Historical data saved in CSV file
INFO:root:>> END PROGRAM: 2020-06-23 16:00:06.209519
INFO:root:>> START PROGRAM: 2020-06-23 17:00:02.884332
INFO:root: - The document was read
INFO:root: - Getting data
INFO:root: - The data was found
INFO:root: - Total data: 213
INFO:root: - Data stored in the database: 4
INFO:root: - Current data saved in CSV file
INFO:root: - Historical data saved in CSV file
INFO:root:>> END PROGRAM: 2020-06-23 17:00:06.730478
INFO:root:>> START PROGRAM: 2020-06-23 18:00:02.166379
INFO:root: - The document was read
INFO:root: - Getting data
INFO:root: - The data was found
INFO:root: - Total data: 213
INFO:root: - Data stored in the database: 14
INFO:root: - Current data saved in CSV file
INFO:root: - Historical data saved in CSV file
INFO:root:>> END PROGRAM: 2020-06-23 18:00:05.627347
INFO:root:>> START PROGRAM: 2020-06-23 19:00:02.490207
INFO:root: - The document was read
INFO:root: - Getting data
INFO:root: - The data was found
INFO:root: - Total data: 213
INFO:root: - Data stored in the database: 84
INFO:root: - Current data saved in CSV file
INFO:root: - Historical data saved in CSV file
INFO:root:>> END PROGRAM: 2020-06-23 19:00:06.068331
INFO:root:>> START PROGRAM: 2020-06-23 20:00:02.474292
INFO:root: - The document was read
INFO:root: - Getting data
INFO:root: - The data was found
INFO:root: - Total data: 213
INFO:root: - Data stored in the database: 11
INFO:root: - Current data saved in CSV file
INFO:root: - Historical data saved in CSV file
INFO:root:>> END PROGRAM: 2020-06-23 20:00:06.458665
INFO:root:>> START PROGRAM: 2020-06-23 21:00:02.671578
INFO:root: - The document was read
INFO:root: - Getting data
INFO:root: - The data was found
INFO:root: - Total data: 213
INFO:root: - Data stored in the database: 11
INFO:root: - Current data saved in CSV file
INFO:root: - Historical data saved in CSV file
INFO:root:>> END PROGRAM: 2020-06-23 21:00:11.163277
INFO:root:>> START PROGRAM: 2020-06-23 22:00:02.439964
INFO:root: - The document was read
INFO:root: - Getting data
INFO:root: - The data was found
INFO:root: - Total data: 213
INFO:root: - Data stored in the database: 5
INFO:root: - Current data saved in CSV file
INFO:root: - Historical data saved in CSV file
INFO:root:>> END PROGRAM: 2020-06-23 22:00:05.674339
INFO:root:>> START PROGRAM: 2020-06-23 23:00:02.472910
INFO:root: - The document was read
INFO:root: - Getting data
INFO:root: - The data was found
INFO:root: - Total data: 213
INFO:root: - Data stored in the database: 4
INFO:root: - Current data saved in CSV file
INFO:root: - Historical data saved in CSV file
INFO:root:>> END PROGRAM: 2020-06-23 23:00:05.832293
INFO:root:>> START PROGRAM: 2020-06-24 00:00:01.316551
ERROR:root: - Server down or incorrect domain
INFO:root: - No data to save
INFO:root:>> END PROGRAM: 2020-06-24 00:00:01.785298
INFO:root:>> START PROGRAM: 2020-06-24 01:00:02.162558
ERROR:root: - Server down or incorrect domain
INFO:root: - No data to save
INFO:root:>> END PROGRAM: 2020-06-24 01:00:02.584433
INFO:root:>> START PROGRAM: 2020-06-24 02:00:02.611155
INFO:root: - The document was read
INFO:root: - Getting data
INFO:root: - The data was found
INFO:root: - Total data: 213
INFO:root: - Data stored in the database: 12
INFO:root: - Current data saved in CSV file
INFO:root: - Historical data saved in CSV file
INFO:root:>> END PROGRAM: 2020-06-24 02:00:10.345338
INFO:root:>> START PROGRAM: 2020-06-24 03:00:02.848092
INFO:root: - The document was read
INFO:root: - Getting data
INFO:root: - The data was found
INFO:root: - Total data: 213
INFO:root: - Data stored in the database: 13
INFO:root: - Current data saved in CSV file
INFO:root: - Historical data saved in CSV file
INFO:root:>> END PROGRAM: 2020-06-24 03:00:06.145177
INFO:root:>> START PROGRAM: 2020-06-24 04:00:02.656404
INFO:root: - The document was read
INFO:root: - Getting data
INFO:root: - The data was found
INFO:root: - Total data: 213
INFO:root: - Data stored in the database: 11
INFO:root: - Current data saved in CSV file
INFO:root: - Historical data saved in CSV file
INFO:root:>> END PROGRAM: 2020-06-24 04:00:05.890781
INFO:root:>> START PROGRAM: 2020-06-24 05:00:02.854500
INFO:root: - The document was read
INFO:root: - Getting data
INFO:root: - The data was found
INFO:root: - Total data: 213
INFO:root: - Data stored in the database: 16
INFO:root: - Current data saved in CSV file
INFO:root: - Historical data saved in CSV file
INFO:root:>> END PROGRAM: 2020-06-24 05:00:06.479509
INFO:root:>> START PROGRAM: 2020-06-24 06:00:03.048302
INFO:root: - The document was read
INFO:root: - Getting data
INFO:root: - The data was found
INFO:root: - Total data: 213
INFO:root: - Data stored in the database: 10
INFO:root: - Current data saved in CSV file
INFO:root: - Historical data saved in CSV file
INFO:root:>> END PROGRAM: 2020-06-24 06:00:06.691356
INFO:root:>> START PROGRAM: 2020-06-24 07:00:03.254073
INFO:root: - The document was read
INFO:root: - Getting data
INFO:root: - The data was found
INFO:root: - Total data: 213
INFO:root: - Data stored in the database: 11
INFO:root: - Current data saved in CSV file
INFO:root: - Historical data saved in CSV file
INFO:root:>> END PROGRAM: 2020-06-24 07:00:14.823409
INFO:root:>> START PROGRAM: 2020-06-24 08:00:03.121022
INFO:root: - The document was read
INFO:root: - Getting data
INFO:root: - The data was found
INFO:root: - Total data: 213
INFO:root: - Data stored in the database: 14
INFO:root: - Current data saved in CSV file
INFO:root: - Historical data saved in CSV file
INFO:root:>> END PROGRAM: 2020-06-24 08:00:11.753815
INFO:root:>> START PROGRAM: 2020-06-24 09:00:03.000530
INFO:root: - The document was read
INFO:root: - Getting data
INFO:root: - The data was found
INFO:root: - Total data: 213
INFO:root: - Data stored in the database: 14
INFO:root: - Current data saved in CSV file
INFO:root: - Historical data saved in CSV file
INFO:root:>> END PROGRAM: 2020-06-24 09:00:06.836290
INFO:root:>> START PROGRAM: 2020-06-24 10:00:02.835199
INFO:root: - The document was read
INFO:root: - Getting data
INFO:root: - The data was found
INFO:root: - Total data: 213
INFO:root: - Data stored in the database: 15
INFO:root: - Current data saved in CSV file
INFO:root: - Historical data saved in CSV file
INFO:root:>> END PROGRAM: 2020-06-24 10:00:06.521242
INFO:root:>> START PROGRAM: 2020-06-24 11:00:02.988986
INFO:root: - The document was read
INFO:root: - Getting data
INFO:root: - The data was found
INFO:root: - Total data: 213
INFO:root: - Data stored in the database: 14
INFO:root: - Current data saved in CSV file
INFO:root: - Historical data saved in CSV file
INFO:root:>> END PROGRAM: 2020-06-24 11:00:07.915032
INFO:root:>> START PROGRAM: 2020-06-24 12:00:03.070996
INFO:root: - The document was read
INFO:root: - Getting data
INFO:root: - The data was found
INFO:root: - Total data: 213
INFO:root: - Data stored in the database: 13
INFO:root: - Current data saved in CSV file
INFO:root: - Historical data saved in CSV file
INFO:root:>> END PROGRAM: 2020-06-24 12:00:06.948259
INFO:root:>> START PROGRAM: 2020-06-24 13:00:03.201546
INFO:root: - The document was read
INFO:root: - Getting data
INFO:root: - The data was found
INFO:root: - Total data: 213
INFO:root: - Data stored in the database: 14
INFO:root: - Current data saved in CSV file
INFO:root: - Historical data saved in CSV file
INFO:root:>> END PROGRAM: 2020-06-24 13:00:07.529553
INFO:root:>> START PROGRAM: 2020-06-24 14:00:03.072978
INFO:root: - The document was read
INFO:root: - Getting data
INFO:root: - The data was found
INFO:root: - Total data: 213
INFO:root: - Data stored in the database: 23
INFO:root: - Current data saved in CSV file
INFO:root: - Historical data saved in CSV file
INFO:root:>> END PROGRAM: 2020-06-24 14:00:07.437960
INFO:root:>> START PROGRAM: 2020-06-24 15:00:03.477569
INFO:root: - The document was read
INFO:root: - Getting data
INFO:root: - The data was found
INFO:root: - Total data: 213
INFO:root: - Data stored in the database: 9
INFO:root: - Current data saved in CSV file
INFO:root: - Historical data saved in CSV file
INFO:root:>> END PROGRAM: 2020-06-24 15:00:19.296045
INFO:root:>> START PROGRAM: 2020-06-24 16:00:03.041823
INFO:root: - The document was read
INFO:root: - Getting data
INFO:root: - The data was found
INFO:root: - Total data: 213
INFO:root: - Data stored in the database: 12
INFO:root: - Current data saved in CSV file
INFO:root: - Historical data saved in CSV file
INFO:root:>> END PROGRAM: 2020-06-24 16:00:07.600302
INFO:root:>> START PROGRAM: 2020-06-24 17:00:02.552216
ERROR:root: - Server down or incorrect domain
INFO:root: - No data to save
INFO:root:>> END PROGRAM: 2020-06-24 17:00:03.005341
INFO:root:>> START PROGRAM: 2020-06-24 17:23:09.288005
INFO:root: - The document was read
INFO:root: - Getting data
INFO:root: - The data was found
INFO:root: - Total data: 213
INFO:root: - Data stored in the database: 18
INFO:root: - Current data saved in CSV file
INFO:root: - Historical data saved in CSV file
INFO:root:>> END PROGRAM: 2020-06-24 17:23:13.147355
INFO:root:>> START PROGRAM: 2020-06-24 18:00:02.700511
INFO:root: - The document was read
INFO:root: - Getting data
INFO:root: - The data was found
INFO:root: - Total data: 213
INFO:root: - Data stored in the database: 9
INFO:root: - Current data saved in CSV file
INFO:root: - Historical data saved in CSV file
INFO:root:>> END PROGRAM: 2020-06-24 18:00:07.169241
INFO:root:>> START PROGRAM: 2020-06-24 19:00:02.578015
INFO:root: - The document was read
INFO:root: - Getting data
INFO:root: - The data was found
INFO:root: - Total data: 213
INFO:root: - Data stored in the database: 97
INFO:root: - Current data saved in CSV file
INFO:root: - Historical data saved in CSV file
INFO:root:>> END PROGRAM: 2020-06-24 19:00:06.156131
INFO:root:>> START PROGRAM: 2020-06-24 20:00:02.434980
INFO:root: - The document was read
INFO:root: - Getting data
INFO:root: - The data was found
INFO:root: - Total data: 213
INFO:root: - Data stored in the database: 6
INFO:root: - Current data saved in CSV file
INFO:root: - Historical data saved in CSV file
INFO:root:>> END PROGRAM: 2020-06-24 20:00:06.013150
INFO:root:>> START PROGRAM: 2020-06-24 21:00:02.180329
INFO:root: - The document was read
INFO:root: - Getting data
INFO:root: - The data was found
INFO:root: - Total data: 213
INFO:root: - Data stored in the database: 8
INFO:root: - Current data saved in CSV file
INFO:root: - Historical data saved in CSV file
INFO:root:>> END PROGRAM: 2020-06-24 21:00:06.706325
INFO:root:>> START PROGRAM: 2020-06-24 22:00:02.293050
INFO:root: - The document was read
INFO:root: - Getting data
INFO:root: - The data was found
INFO:root: - Total data: 213
INFO:root: - Data stored in the database: 10
INFO:root: - Current data saved in CSV file
INFO:root: - Historical data saved in CSV file
INFO:root:>> END PROGRAM: 2020-06-24 22:00:06.141756
INFO:root:>> START PROGRAM: 2020-06-24 23:00:02.456070
INFO:root: - The document was read
INFO:root: - Getting data
INFO:root: - The data was found
INFO:root: - Total data: 213
INFO:root: - Data stored in the database: 8
INFO:root: - Current data saved in CSV file
INFO:root: - Historical data saved in CSV file
INFO:root:>> END PROGRAM: 2020-06-24 23:00:06.086462
INFO:root:>> START PROGRAM: 2020-06-25 00:00:01.487206
INFO:root: - The document was read
INFO:root: - Getting data
INFO:root: - The data was found
INFO:root: - Total data: 213
INFO:root: - Data stored in the database: 6
INFO:root: - Current data saved in CSV file
INFO:root: - Historical data saved in CSV file
INFO:root:>> END PROGRAM: 2020-06-25 00:00:04.940330
INFO:root:>> START PROGRAM: 2020-06-25 01:00:02.259886
INFO:root: - The document was read
INFO:root: - Getting data
INFO:root: - The data was found
INFO:root: - Total data: 213
INFO:root: - Data stored in the database: 5
INFO:root: - Current data saved in CSV file
INFO:root: - Historical data saved in CSV file
INFO:root:>> END PROGRAM: 2020-06-25 01:00:05.556762
INFO:root:>> START PROGRAM: 2020-06-25 02:00:03.019651
INFO:root: - The document was read
INFO:root: - Getting data
INFO:root: - The data was found
INFO:root: - Total data: 213
INFO:root: - Data stored in the database: 8
INFO:root: - Current data saved in CSV file
INFO:root: - Historical data saved in CSV file
INFO:root:>> END PROGRAM: 2020-06-25 02:00:06.332154
INFO:root:>> START PROGRAM: 2020-06-25 03:00:02.721330
INFO:root: - The document was read
INFO:root: - Getting data
INFO:root: - The data was found
INFO:root: - Total data: 213
INFO:root: - Data stored in the database: 9
INFO:root: - Current data saved in CSV file
INFO:root: - Historical data saved in CSV file
INFO:root:>> END PROGRAM: 2020-06-25 03:00:07.790309
INFO:root:>> START PROGRAM: 2020-06-25 04:00:02.189622
INFO:root: - The document was read
INFO:root: - Getting data
INFO:root: - The data was found
INFO:root: - Total data: 213
INFO:root: - Data stored in the database: 13
INFO:root: - Current data saved in CSV file
INFO:root: - Historical data saved in CSV file
INFO:root:>> END PROGRAM: 2020-06-25 04:00:05.627121
INFO:root:>> START PROGRAM: 2020-06-25 05:00:03.055278
INFO:root: - The document was read
INFO:root: - Getting data
INFO:root: - The data was found
INFO:root: - Total data: 213
INFO:root: - Data stored in the database: 13
INFO:root: - Current data saved in CSV file
INFO:root: - Historical data saved in CSV file
INFO:root:>> END PROGRAM: 2020-06-25 05:00:06.367777
INFO:root:>> START PROGRAM: 2020-06-25 06:00:03.228570
INFO:root: - The document was read
INFO:root: - Getting data
INFO:root: - The data was found
INFO:root: - Total data: 213
INFO:root: - Data stored in the database: 14
INFO:root: - Current data saved in CSV file
INFO:root: - Historical data saved in CSV file
INFO:root:>> END PROGRAM: 2020-06-25 06:00:09.213226
INFO:root:>> START PROGRAM: 2020-06-25 07:00:02.994401
INFO:root: - The document was read
INFO:root: - Getting data
INFO:root: - The data was found
INFO:root: - Total data: 213
INFO:root: - Data stored in the database: 13
INFO:root: - Current data saved in CSV file
INFO:root: - Historical data saved in CSV file
INFO:root:>> END PROGRAM: 2020-06-25 07:00:06.978776
INFO:root:>> START PROGRAM: 2020-06-25 08:00:03.414826
INFO:root: - The document was read
INFO:root: - Getting data
INFO:root: - The data was found
INFO:root: - Total data: 213
INFO:root: - Data stored in the database: 12
INFO:root: - Current data saved in CSV file
INFO:root: - Historical data saved in CSV file
INFO:root:>> END PROGRAM: 2020-06-25 08:00:06.968432
INFO:root:>> START PROGRAM: 2020-06-25 09:00:03.284172
INFO:root: - The document was read
INFO:root: - Getting data
INFO:root: - The data was found
INFO:root: - Total data: 213
INFO:root: - Data stored in the database: 13
INFO:root: - Current data saved in CSV file
INFO:root: - Historical data saved in CSV file
INFO:root:>> END PROGRAM: 2020-06-25 09:00:07.883686
INFO:root:>> START PROGRAM: 2020-06-25 10:00:03.101186
INFO:root: - The document was read
INFO:root: - Getting data
INFO:root: - The data was found
INFO:root: - Total data: 213
INFO:root: - Data stored in the database: 13
INFO:root: - Current data saved in CSV file
INFO:root: - Historical data saved in CSV file
INFO:root:>> END PROGRAM: 2020-06-25 10:00:06.721458
INFO:root:>> START PROGRAM: 2020-06-25 11:00:02.826518
INFO:root: - The document was read
INFO:root: - Getting data
INFO:root: - The data was found
INFO:root: - Total data: 213
INFO:root: - Data stored in the database: 15
INFO:root: - Current data saved in CSV file
INFO:root: - Historical data saved in CSV file
INFO:root:>> END PROGRAM: 2020-06-25 11:00:06.285775
INFO:root:>> START PROGRAM: 2020-06-25 12:00:03.315353
INFO:root: - The document was read
INFO:root: - Getting data
INFO:root: - The data was found
INFO:root: - Total data: 213
INFO:root: - Data stored in the database: 15
INFO:root: - Current data saved in CSV file
INFO:root: - Historical data saved in CSV file
INFO:root:>> END PROGRAM: 2020-06-25 12:00:16.289417
INFO:root:>> START PROGRAM: 2020-06-25 13:00:03.182353
INFO:root: - The document was read
INFO:root: - Getting data
INFO:root: - The data was found
INFO:root: - Total data: 213
INFO:root: - Data stored in the database: 8
INFO:root: - Current data saved in CSV file
INFO:root: - Historical data saved in CSV file
INFO:root:>> END PROGRAM: 2020-06-25 13:00:09.712275
INFO:root:>> START PROGRAM: 2020-06-25 14:00:03.460729
INFO:root: - The document was read
INFO:root: - Getting data
INFO:root: - The data was found
INFO:root: - Total data: 213
INFO:root: - Data stored in the database: 13
INFO:root: - Current data saved in CSV file
INFO:root: - Historical data saved in CSV file
INFO:root:>> END PROGRAM: 2020-06-25 14:00:08.314299
INFO:root:>> START PROGRAM: 2020-06-25 15:00:03.850143
INFO:root: - The document was read
INFO:root: - Getting data
INFO:root: - The data was found
INFO:root: - Total data: 213
INFO:root: - Data stored in the database: 7
INFO:root: - Current data saved in CSV file
INFO:root: - Historical data saved in CSV file
INFO:root:>> END PROGRAM: 2020-06-25 15:00:08.705932
INFO:root:>> START PROGRAM: 2020-06-25 16:00:03.144045
INFO:root: - The document was read
INFO:root: - Getting data
INFO:root: - The data was found
INFO:root: - Total data: 213
INFO:root: - Data stored in the database: 4
INFO:root: - Current data saved in CSV file
INFO:root: - Historical data saved in CSV file
INFO:root:>> END PROGRAM: 2020-06-25 16:00:07.536262
INFO:root:>> START PROGRAM: 2020-06-25 17:00:03.049193
INFO:root: - The document was read
INFO:root: - Getting data
INFO:root: - The data was found
INFO:root: - Total data: 213
INFO:root: - Data stored in the database: 10
INFO:root: - Current data saved in CSV file
INFO:root: - Historical data saved in CSV file
INFO:root:>> END PROGRAM: 2020-06-25 17:00:07.006363
INFO:root:>> START PROGRAM: 2020-06-25 18:00:03.274944
INFO:root: - The document was read
INFO:root: - Getting data
INFO:root: - The data was found
INFO:root: - Total data: 213
INFO:root: - Data stored in the database: 8
INFO:root: - Current data saved in CSV file
INFO:root: - Historical data saved in CSV file
INFO:root:>> END PROGRAM: 2020-06-25 18:00:11.091628
INFO:root:>> START PROGRAM: 2020-06-25 19:00:02.713363
INFO:root: - The document was read
INFO:root: - Getting data
INFO:root: - The data was found
INFO:root: - Total data: 213
INFO:root: - Data stored in the database: 20
INFO:root: - Current data saved in CSV file
INFO:root: - Historical data saved in CSV file
INFO:root:>> END PROGRAM: 2020-06-25 19:00:06.496694
INFO:root:>> START PROGRAM: 2020-06-25 20:00:02.817089
INFO:root: - The document was read
INFO:root: - Getting data
INFO:root: - The data was found
INFO:root: - Total data: 213
INFO:root: - Data stored in the database: 76
INFO:root: - Current data saved in CSV file
INFO:root: - Historical data saved in CSV file
INFO:root:>> END PROGRAM: 2020-06-25 20:00:06.654938
INFO:root:>> START PROGRAM: 2020-06-25 21:00:02.732836
INFO:root: - The document was read
INFO:root: - Getting data
INFO:root: - The data was found
INFO:root: - Total data: 213
INFO:root: - Data stored in the database: 13
INFO:root: - Current data saved in CSV file
INFO:root: - Historical data saved in CSV file
INFO:root:>> END PROGRAM: 2020-06-25 21:00:06.035215
INFO:root:>> START PROGRAM: 2020-06-25 22:00:02.768317
INFO:root: - The document was read
INFO:root: - Getting data
INFO:root: - The data was found
INFO:root: - Total data: 213
INFO:root: - Data stored in the database: 1
INFO:root: - Current data saved in CSV file
INFO:root: - Historical data saved in CSV file
INFO:root:>> END PROGRAM: 2020-06-25 22:00:12.866651
INFO:root:>> START PROGRAM: 2020-06-25 23:00:02.741192
INFO:root: - The document was read
INFO:root: - Getting data
INFO:root: - The data was found
INFO:root: - Total data: 213
INFO:root: - Data stored in the database: 8
INFO:root: - Current data saved in CSV file
INFO:root: - Historical data saved in CSV file
INFO:root:>> END PROGRAM: 2020-06-25 23:00:06.152337
INFO:root:>> START PROGRAM: 2020-06-26 00:00:02.275743
INFO:root: - The document was read
INFO:root: - Getting data
INFO:root: - The data was found
INFO:root: - Total data: 213
INFO:root: - Data stored in the database: 6
INFO:root: - Current data saved in CSV file
INFO:root: - Historical data saved in CSV file
INFO:root:>> END PROGRAM: 2020-06-26 00:00:06.230739
INFO:root:>> START PROGRAM: 2020-06-26 01:00:02.762406
INFO:root: - The document was read
INFO:root: - Getting data
INFO:root: - The data was found
INFO:root: - Total data: 213
INFO:root: - Data stored in the database: 3
INFO:root: - Current data saved in CSV file
INFO:root: - Historical data saved in CSV file
INFO:root:>> END PROGRAM: 2020-06-26 01:00:06.070204
INFO:root:>> START PROGRAM: 2020-06-26 02:00:02.764113
INFO:root: - The document was read
INFO:root: - Getting data
INFO:root: - The data was found
INFO:root: - Total data: 213
INFO:root: - Data stored in the database: 4
INFO:root: - Current data saved in CSV file
INFO:root: - Historical data saved in CSV file
INFO:root:>> END PROGRAM: 2020-06-26 02:00:06.136891
INFO:root:>> START PROGRAM: 2020-06-26 03:00:02.763439
INFO:root: - The document was read
INFO:root: - Getting data
INFO:root: - The data was found
INFO:root: - Total data: 213
INFO:root: - Data stored in the database: 12
INFO:root: - Current data saved in CSV file
INFO:root: - Historical data saved in CSV file
INFO:root:>> END PROGRAM: 2020-06-26 03:00:06.078360
INFO:root:>> START PROGRAM: 2020-06-26 04:00:02.171760
INFO:root: - The document was read
INFO:root: - Getting data
INFO:root: - The data was found
INFO:root: - Total data: 213
INFO:root: - Data stored in the database: 7
INFO:root: - Current data saved in CSV file
INFO:root: - Historical data saved in CSV file
INFO:root:>> END PROGRAM: 2020-06-26 04:00:05.600231
INFO:root:>> START PROGRAM: 2020-06-26 05:00:02.782247
INFO:root: - The document was read
INFO:root: - Getting data
INFO:root: - The data was found
INFO:root: - Total data: 213
INFO:root: - Data stored in the database: 15
INFO:root: - Current data saved in CSV file
INFO:root: - Historical data saved in CSV file
INFO:root:>> END PROGRAM: 2020-06-26 05:00:17.115408
INFO:root:>> START PROGRAM: 2020-06-26 06:00:02.829242
INFO:root: - The document was read
INFO:root: - Getting data
INFO:root: - The data was found
INFO:root: - Total data: 213
INFO:root: - Data stored in the database: 19
INFO:root: - Current data saved in CSV file
INFO:root: - Historical data saved in CSV file
INFO:root:>> END PROGRAM: 2020-06-26 06:00:08.075344
INFO:root:>> START PROGRAM: 2020-06-26 07:00:03.061343
INFO:root: - The document was read
INFO:root: - Getting data
INFO:root: - The data was found
INFO:root: - Total data: 213
INFO:root: - Data stored in the database: 8
INFO:root: - Current data saved in CSV file
INFO:root: - Historical data saved in CSV file
INFO:root:>> END PROGRAM: 2020-06-26 07:00:15.973049
INFO:root:>> START PROGRAM: 2020-06-26 08:00:02.813838
INFO:root: - The document was read
INFO:root: - Getting data
INFO:root: - The data was found
INFO:root: - Total data: 213
INFO:root: - Data stored in the database: 12
INFO:root: - Current data saved in CSV file
INFO:root: - Historical data saved in CSV file
INFO:root:>> END PROGRAM: 2020-06-26 08:00:06.168237
INFO:root:>> START PROGRAM: 2020-06-26 09:00:03.077937
INFO:root: - The document was read
INFO:root: - Getting data
INFO:root: - The data was found
INFO:root: - Total data: 213
INFO:root: - Data stored in the database: 11
INFO:root: - Current data saved in CSV file
INFO:root: - Historical data saved in CSV file
INFO:root:>> END PROGRAM: 2020-06-26 09:00:07.936578
INFO:root:>> START PROGRAM: 2020-06-26 10:00:03.406715
INFO:root: - The document was read
INFO:root: - Getting data
INFO:root: - The data was found
INFO:root: - Total data: 213
INFO:root: - Data stored in the database: 15
INFO:root: - Current data saved in CSV file
INFO:root: - Historical data saved in CSV file
INFO:root:>> END PROGRAM: 2020-06-26 10:00:07.734896
INFO:root:>> START PROGRAM: 2020-06-26 11:00:03.378663
INFO:root: - The document was read
INFO:root: - Getting data
INFO:root: - The data was found
INFO:root: - Total data: 213
INFO:root: - Data stored in the database: 18
INFO:root: - Current data saved in CSV file
INFO:root: - Historical data saved in CSV file
INFO:root:>> END PROGRAM: 2020-06-26 11:00:11.452160
INFO:root:>> START PROGRAM: 2020-06-26 12:00:02.770068
INFO:root: - The document was read
INFO:root: - Getting data
INFO:root: - The data was found
INFO:root: - Total data: 213
INFO:root: - Data stored in the database: 12
INFO:root: - Current data saved in CSV file
INFO:root: - Historical data saved in CSV file
INFO:root:>> END PROGRAM: 2020-06-26 12:00:07.254474
INFO:root:>> START PROGRAM: 2020-06-26 13:00:03.092496
INFO:root: - The document was read
INFO:root: - Getting data
INFO:root: - The data was found
INFO:root: - Total data: 213
INFO:root: - Data stored in the database: 7
INFO:root: - Current data saved in CSV file
INFO:root: - Historical data saved in CSV file
INFO:root:>> END PROGRAM: 2020-06-26 13:00:07.441271
INFO:root:>> START PROGRAM: 2020-06-26 14:00:03.225885
INFO:root: - The document was read
INFO:root: - Getting data
INFO:root: - The data was found
INFO:root: - Total data: 213
INFO:root: - Data stored in the database: 7
INFO:root: - Current data saved in CSV file
INFO:root: - Historical data saved in CSV file
INFO:root:>> END PROGRAM: 2020-06-26 14:00:07.265265
INFO:root:>> START PROGRAM: 2020-06-26 15:00:03.875644
INFO:root: - The document was read
INFO:root: - Getting data
INFO:root: - The data was found
INFO:root: - Total data: 213
INFO:root: - Data stored in the database: 9
INFO:root: - Current data saved in CSV file
INFO:root: - Historical data saved in CSV file
INFO:root:>> END PROGRAM: 2020-06-26 15:00:10.735255
INFO:root:>> START PROGRAM: 2020-06-26 16:00:03.153839
INFO:root: - The document was read
INFO:root: - Getting data
INFO:root: - The data was found
INFO:root: - Total data: 213
INFO:root: - Data stored in the database: 10
INFO:root: - Current data saved in CSV file
INFO:root: - Historical data saved in CSV file
INFO:root:>> END PROGRAM: 2020-06-26 16:00:06.926949
INFO:root:>> START PROGRAM: 2020-06-26 17:00:03.159416
INFO:root: - The document was read
INFO:root: - Getting data
INFO:root: - The data was found
INFO:root: - Total data: 213
INFO:root: - Data stored in the database: 9
INFO:root: - Current data saved in CSV file
INFO:root: - Historical data saved in CSV file
INFO:root:>> END PROGRAM: 2020-06-26 17:00:06.966959
INFO:root:>> START PROGRAM: 2020-06-26 18:00:03.088382
INFO:root: - The document was read
INFO:root: - Getting data
INFO:root: - The data was found
INFO:root: - Total data: 213
INFO:root: - Data stored in the database: 15
INFO:root: - Current data saved in CSV file
INFO:root: - Historical data saved in CSV file
INFO:root:>> END PROGRAM: 2020-06-26 18:00:06.635258
INFO:root:>> START PROGRAM: 2020-06-26 19:00:02.737381
INFO:root: - The document was read
INFO:root: - Getting data
INFO:root: - The data was found
INFO:root: - Total data: 213
INFO:root: - Data stored in the database: 24
INFO:root: - Current data saved in CSV file
INFO:root: - Historical data saved in CSV file
INFO:root:>> END PROGRAM: 2020-06-26 19:00:06.299885
INFO:root:>> START PROGRAM: 2020-06-26 20:00:02.844978
INFO:root: - The document was read
INFO:root: - Getting data
INFO:root: - The data was found
INFO:root: - Total data: 213
INFO:root: - Data stored in the database: 76
INFO:root: - Current data saved in CSV file
INFO:root: - Historical data saved in CSV file
INFO:root:>> END PROGRAM: 2020-06-26 20:00:07.220658
INFO:root:>> START PROGRAM: 2020-06-26 21:00:02.745403
INFO:root: - The document was read
INFO:root: - Getting data
INFO:root: - The data was found
INFO:root: - Total data: 213
INFO:root: - Data stored in the database: 7
INFO:root: - Current data saved in CSV file
INFO:root: - Historical data saved in CSV file
INFO:root:>> END PROGRAM: 2020-06-26 21:00:06.339180
INFO:root:>> START PROGRAM: 2020-06-26 22:00:02.752048
INFO:root: - The document was read
INFO:root: - Getting data
INFO:root: - The data was found
INFO:root: - Total data: 213
INFO:root: - Data stored in the database: 4
INFO:root: - Current data saved in CSV file
INFO:root: - Historical data saved in CSV file
INFO:root:>> END PROGRAM: 2020-06-26 22:00:07.377044
INFO:root:>> START PROGRAM: 2020-06-26 23:00:02.800726
INFO:root: - The document was read
INFO:root: - Getting data
INFO:root: - The data was found
INFO:root: - Total data: 213
INFO:root: - Data stored in the database: 7
INFO:root: - Current data saved in CSV file
INFO:root: - Historical data saved in CSV file
INFO:root:>> END PROGRAM: 2020-06-26 23:00:11.019471
INFO:root:>> START PROGRAM: 2020-06-27 00:00:02.227207
INFO:root: - The document was read
INFO:root: - Getting data
INFO:root: - The data was found
INFO:root: - Total data: 213
INFO:root: - Data stored in the database: 5
INFO:root: - Current data saved in CSV file
INFO:root: - Historical data saved in CSV file
INFO:root:>> END PROGRAM: 2020-06-27 00:00:06.258465
INFO:root:>> START PROGRAM: 2020-06-27 01:00:02.774419
INFO:root: - The document was read
INFO:root: - Getting data
INFO:root: - The data was found
INFO:root: - Total data: 213
INFO:root: - Data stored in the database: 3
INFO:root: - Current data saved in CSV file
INFO:root: - Historical data saved in CSV file
INFO:root:>> END PROGRAM: 2020-06-27 01:00:07.196298
INFO:root:>> START PROGRAM: 2020-06-27 02:00:02.777474
INFO:root: - The document was read
INFO:root: - Getting data
INFO:root: - The data was found
INFO:root: - Total data: 213
INFO:root: - Data stored in the database: 8
INFO:root: - Current data saved in CSV file
INFO:root: - Historical data saved in CSV file
INFO:root:>> END PROGRAM: 2020-06-27 02:00:10.464784
INFO:root:>> START PROGRAM: 2020-06-27 03:00:02.754983
INFO:root: - The document was read
INFO:root: - Getting data
INFO:root: - The data was found
INFO:root: - Total data: 213
INFO:root: - Data stored in the database: 7
INFO:root: - Current data saved in CSV file
INFO:root: - Historical data saved in CSV file
INFO:root:>> END PROGRAM: 2020-06-27 03:00:07.114368
INFO:root:>> START PROGRAM: 2020-06-27 04:00:02.165682
INFO:root: - The document was read
INFO:root: - Getting data
INFO:root: - The data was found
INFO:root: - Total data: 213
INFO:root: - Data stored in the database: 15
INFO:root: - Current data saved in CSV file
INFO:root: - Historical data saved in CSV file
INFO:root:>> END PROGRAM: 2020-06-27 04:00:05.571931
INFO:root:>> START PROGRAM: 2020-06-27 05:00:02.815751
INFO:root: - The document was read
INFO:root: - Getting data
INFO:root: - The data was found
INFO:root: - Total data: 213
INFO:root: - Data stored in the database: 9
INFO:root: - Current data saved in CSV file
INFO:root: - Historical data saved in CSV file
INFO:root:>> END PROGRAM: 2020-06-27 05:00:06.284530
INFO:root:>> START PROGRAM: 2020-06-27 06:00:03.010803
INFO:root: - The document was read
INFO:root: - Getting data
INFO:root: - The data was found
INFO:root: - Total data: 213
INFO:root: - Data stored in the database: 15
INFO:root: - Current data saved in CSV file
INFO:root: - Historical data saved in CSV file
INFO:root:>> END PROGRAM: 2020-06-27 06:00:06.370176
INFO:root:>> START PROGRAM: 2020-06-27 07:00:03.194863
INFO:root: - The document was read
INFO:root: - Getting data
INFO:root: - The data was found
INFO:root: - Total data: 213
INFO:root: - Data stored in the database: 11
INFO:root: - Current data saved in CSV file
INFO:root: - Historical data saved in CSV file
INFO:root:>> END PROGRAM: 2020-06-27 07:00:07.909541
INFO:root:>> START PROGRAM: 2020-06-27 08:00:03.155092
INFO:root: - The document was read
INFO:root: - Getting data
INFO:root: - The data was found
INFO:root: - Total data: 213
INFO:root: - Data stored in the database: 7
INFO:root: - Current data saved in CSV file
INFO:root: - Historical data saved in CSV file
INFO:root:>> END PROGRAM: 2020-06-27 08:00:06.608218
INFO:root:>> START PROGRAM: 2020-06-27 09:00:03.069024
INFO:root: - The document was read
INFO:root: - Getting data
INFO:root: - The data was found
INFO:root: - Total data: 213
INFO:root: - Data stored in the database: 16
INFO:root: - Current data saved in CSV file
INFO:root: - Historical data saved in CSV file
INFO:root:>> END PROGRAM: 2020-06-27 09:00:06.506552
INFO:root:>> START PROGRAM: 2020-06-27 10:00:03.079657
INFO:root: - The document was read
INFO:root: - Getting data
INFO:root: - The data was found
INFO:root: - Total data: 213
INFO:root: - Data stored in the database: 13
INFO:root: - Current data saved in CSV file
INFO:root: - Historical data saved in CSV file
INFO:root:>> END PROGRAM: 2020-06-27 10:00:06.798426
INFO:root:>> START PROGRAM: 2020-06-27 11:00:03.404967
INFO:root: - The document was read
INFO:root: - Getting data
INFO:root: - The data was found
INFO:root: - Total data: 213
INFO:root: - Data stored in the database: 10
INFO:root: - Current data saved in CSV file
INFO:root: - Historical data saved in CSV file
INFO:root:>> END PROGRAM: 2020-06-27 11:00:07.997551
INFO:root:>> START PROGRAM: 2020-06-27 12:00:03.178373
INFO:root: - The document was read
INFO:root: - Getting data
INFO:root: - The data was found
INFO:root: - Total data: 213
INFO:root: - Data stored in the database: 15
INFO:root: - Current data saved in CSV file
INFO:root: - Historical data saved in CSV file
INFO:root:>> END PROGRAM: 2020-06-27 12:00:06.876186
INFO:root:>> START PROGRAM: 2020-06-27 13:00:02.811624
INFO:root: - The document was read
INFO:root: - Getting data
INFO:root: - The data was found
INFO:root: - Total data: 213
INFO:root: - Data stored in the database: 16
INFO:root: - Current data saved in CSV file
INFO:root: - Historical data saved in CSV file
INFO:root:>> END PROGRAM: 2020-06-27 13:00:06.217857
INFO:root:>> START PROGRAM: 2020-06-27 14:00:02.784174
INFO:root: - The document was read
INFO:root: - Getting data
INFO:root: - The data was found
INFO:root: - Total data: 213
INFO:root: - Data stored in the database: 12
INFO:root: - Current data saved in CSV file
INFO:root: - Historical data saved in CSV file
INFO:root:>> END PROGRAM: 2020-06-27 14:00:06.909175
INFO:root:>> START PROGRAM: 2020-06-27 15:00:02.820097
INFO:root: - The document was read
INFO:root: - Getting data
INFO:root: - The data was found
INFO:root: - Total data: 213
INFO:root: - Data stored in the database: 8
INFO:root: - Current data saved in CSV file
INFO:root: - Historical data saved in CSV file
INFO:root:>> END PROGRAM: 2020-06-27 15:00:06.226350
INFO:root:>> START PROGRAM: 2020-06-27 16:00:03.068457
INFO:root: - The document was read
INFO:root: - Getting data
INFO:root: - The data was found
INFO:root: - Total data: 213
INFO:root: - Data stored in the database: 10
INFO:root: - Current data saved in CSV file
INFO:root: - Historical data saved in CSV file
INFO:root:>> END PROGRAM: 2020-06-27 16:00:07.005954
INFO:root:>> START PROGRAM: 2020-06-27 17:00:03.452419
INFO:root: - The document was read
INFO:root: - Getting data
INFO:root: - The data was found
INFO:root: - Total data: 213
INFO:root: - Data stored in the database: 9
INFO:root: - Current data saved in CSV file
INFO:root: - Historical data saved in CSV file
INFO:root:>> END PROGRAM: 2020-06-27 17:00:06.764917
INFO:root:>> START PROGRAM: 2020-06-27 18:00:02.978238
INFO:root: - The document was read
INFO:root: - Getting data
INFO:root: - The data was found
INFO:root: - Total data: 213
INFO:root: - Data stored in the database: 12
INFO:root: - Current data saved in CSV file
INFO:root: - Historical data saved in CSV file
INFO:root:>> END PROGRAM: 2020-06-27 18:00:10.251836
INFO:root:>> START PROGRAM: 2020-06-27 19:00:02.772731
INFO:root: - The document was read
INFO:root: - Getting data
INFO:root: - The data was found
INFO:root: - Total data: 213
INFO:root: - Data stored in the database: 16
INFO:root: - Current data saved in CSV file
INFO:root: - Historical data saved in CSV file
INFO:root:>> END PROGRAM: 2020-06-27 19:00:06.147741
INFO:root:>> START PROGRAM: 2020-06-27 20:00:02.759712
INFO:root: - The document was read
INFO:root: - Getting data
INFO:root: - The data was found
INFO:root: - Total data: 213
INFO:root: - Data stored in the database: 86
INFO:root: - Current data saved in CSV file
INFO:root: - Historical data saved in CSV file
INFO:root:>> END PROGRAM: 2020-06-27 20:00:06.275335
INFO:root:>> START PROGRAM: 2020-06-27 21:00:02.785786
INFO:root: - The document was read
INFO:root: - Getting data
INFO:root: - The data was found
INFO:root: - Total data: 213
INFO:root: - Data stored in the database: 10
INFO:root: - Current data saved in CSV file
INFO:root: - Historical data saved in CSV file
INFO:root:>> END PROGRAM: 2020-06-27 21:00:11.020144
INFO:root:>> START PROGRAM: 2020-06-27 22:00:02.760214
INFO:root: - The document was read
INFO:root: - Getting data
INFO:root: - The data was found
INFO:root: - Total data: 213
INFO:root: - Data stored in the database: 4
INFO:root: - Current data saved in CSV file
INFO:root: - Historical data saved in CSV file
INFO:root:>> END PROGRAM: 2020-06-27 22:00:07.338332
INFO:root:>> START PROGRAM: 2020-06-27 23:00:02.970861
INFO:root: - The document was read
INFO:root: - Getting data
INFO:root: - The data was found
INFO:root: - Total data: 213
INFO:root: - Data stored in the database: 3
INFO:root: - Current data saved in CSV file
INFO:root: - Historical data saved in CSV file
INFO:root:>> END PROGRAM: 2020-06-27 23:00:09.444796
INFO:root:>> START PROGRAM: 2020-06-28 00:00:02.266357
INFO:root: - The document was read
INFO:root: - Getting data
INFO:root: - The data was found
INFO:root: - Total data: 213
INFO:root: - Data stored in the database: 3
INFO:root: - Current data saved in CSV file
INFO:root: - Historical data saved in CSV file
INFO:root:>> END PROGRAM: 2020-06-28 00:00:06.406974
INFO:root:>> START PROGRAM: 2020-06-28 01:00:02.759686
INFO:root: - The document was read
INFO:root: - Getting data
INFO:root: - The data was found
INFO:root: - Total data: 213
INFO:root: - Data stored in the database: 4
INFO:root: - Current data saved in CSV file
INFO:root: - Historical data saved in CSV file
INFO:root:>> END PROGRAM: 2020-06-28 01:00:06.212809
INFO:root:>> START PROGRAM: 2020-06-28 02:00:02.769395
INFO:root: - The document was read
INFO:root: - Getting data
INFO:root: - The data was found
INFO:root: - Total data: 213
INFO:root: - Data stored in the database: 7
INFO:root: - Current data saved in CSV file
INFO:root: - Historical data saved in CSV file
INFO:root:>> END PROGRAM: 2020-06-28 02:00:06.191270
INFO:root:>> START PROGRAM: 2020-06-28 03:00:02.817217
INFO:root: - The document was read
INFO:root: - Getting data
INFO:root: - The data was found
INFO:root: - Total data: 213
INFO:root: - Data stored in the database: 12
INFO:root: - Current data saved in CSV file
INFO:root: - Historical data saved in CSV file
INFO:root:>> END PROGRAM: 2020-06-28 03:00:06.426616
INFO:root:>> START PROGRAM: 2020-06-28 04:00:02.972457
INFO:root: - The document was read
INFO:root: - Getting data
INFO:root: - The data was found
INFO:root: - Total data: 213
INFO:root: - Data stored in the database: 12
INFO:root: - Current data saved in CSV file
INFO:root: - Historical data saved in CSV file
INFO:root:>> END PROGRAM: 2020-06-28 04:00:08.451553
INFO:root:>> START PROGRAM: 2020-06-28 05:00:02.803045
INFO:root: - The document was read
INFO:root: - Getting data
INFO:root: - The data was found
INFO:root: - Total data: 213
INFO:root: - Data stored in the database: 13
INFO:root: - Current data saved in CSV file
INFO:root: - Historical data saved in CSV file
INFO:root:>> END PROGRAM: 2020-06-28 05:00:06.162426
INFO:root:>> START PROGRAM: 2020-06-28 06:00:03.161745
INFO:root: - The document was read
INFO:root: - Getting data
INFO:root: - The data was found
INFO:root: - Total data: 213
INFO:root: - Data stored in the database: 13
INFO:root: - Current data saved in CSV file
INFO:root: - Historical data saved in CSV file
INFO:root:>> END PROGRAM: 2020-06-28 06:00:06.896101
INFO:root:>> START PROGRAM: 2020-06-28 07:00:02.775734
INFO:root: - The document was read
INFO:root: - Getting data
INFO:root: - The data was found
INFO:root: - Total data: 213
INFO:root: - Data stored in the database: 6
INFO:root: - Current data saved in CSV file
INFO:root: - Historical data saved in CSV file
INFO:root:>> END PROGRAM: 2020-06-28 07:00:06.213241
INFO:root:>> START PROGRAM: 2020-06-28 08:00:02.797935
INFO:root: - The document was read
INFO:root: - Getting data
INFO:root: - The data was found
INFO:root: - Total data: 213
INFO:root: - Data stored in the database: 14
INFO:root: - Current data saved in CSV file
INFO:root: - Historical data saved in CSV file
INFO:root:>> END PROGRAM: 2020-06-28 08:00:06.204163
INFO:root:>> START PROGRAM: 2020-06-28 09:00:02.995865
INFO:root: - The document was read
INFO:root: - Getting data
INFO:root: - The data was found
INFO:root: - Total data: 213
INFO:root: - Data stored in the database: 11
INFO:root: - Current data saved in CSV file
INFO:root: - Historical data saved in CSV file
INFO:root:>> END PROGRAM: 2020-06-28 09:00:08.563484
INFO:root:>> START PROGRAM: 2020-06-28 10:00:02.778685
INFO:root: - The document was read
INFO:root: - Getting data
INFO:root: - The data was found
INFO:root: - Total data: 213
INFO:root: - Data stored in the database: 9
INFO:root: - Current data saved in CSV file
INFO:root: - Historical data saved in CSV file
INFO:root:>> END PROGRAM: 2020-06-28 10:00:06.231802
INFO:root:>> START PROGRAM: 2020-06-28 11:00:02.939727
INFO:root: - The document was read
INFO:root: - Getting data
INFO:root: - The data was found
INFO:root: - Total data: 213
INFO:root: - Data stored in the database: 17
INFO:root: - Current data saved in CSV file
INFO:root: - Historical data saved in CSV file
INFO:root:>> END PROGRAM: 2020-06-28 11:00:06.749195
INFO:root:>> START PROGRAM: 2020-06-28 12:00:03.004160
ERROR:root: - Server down or incorrect domain
INFO:root: - No data to save
INFO:root:>> END PROGRAM: 2020-06-28 12:00:03.812695
INFO:root:>> START PROGRAM: 2020-06-28 13:00:02.941143
INFO:root: - The document was read
INFO:root: - Getting data
INFO:root: - The data was found
INFO:root: - Total data: 213
INFO:root: - Data stored in the database: 27
INFO:root: - Current data saved in CSV file
INFO:root: - Historical data saved in CSV file
INFO:root:>> END PROGRAM: 2020-06-28 13:00:08.207955
